# JRE version: OpenJDK Runtime Environment (11.0.10) (build 11.0.10+0-b96-7249189)
# Java VM: OpenJDK 64-Bit Server VM (11.0.10+0-b96-7249189, mixed mode, tiered, compressed oops, g1 gc, linux-amd64)
Heap:
 garbage-first heap   total 192512K, used 152511K [0x0000000080000000, 0x0000000100000000)
  region size 1024K, 73 young (74752K), 7 survivors (7168K)
 Metaspace       used 106182K, capacity 109096K, committed 109216K, reserved 1142784K
  class space    used 13929K, capacity 14998K, committed 15060K, reserved 1048576K
GC Heap History (20 events):
Event: 9,818 GC heap before
{Heap before GC invocations=13 (full 0):
 garbage-first heap   total 143360K, used 105789K [0x0000000080000000, 0x0000000100000000)
  region size 1024K, 75 young (76800K), 10 survivors (10240K)
 Metaspace       used 58552K, capacity 60030K, committed 60160K, reserved 1101824K
  class space    used 7423K, capacity 7924K, committed 7936K, reserved 1048576K
}
Event: 9,886 GC heap after
{Heap after GC invocations=14 (full 0):
 garbage-first heap   total 143360K, used 45874K [0x0000000080000000, 0x0000000100000000)
  region size 1024K, 5 young (5120K), 5 survivors (5120K)
 Metaspace       used 58552K, capacity 60030K, committed 60160K, reserved 1101824K
  class space    used 7423K, capacity 7924K, committed 7936K, reserved 1048576K
}
Event: 10,516 GC heap before
{Heap before GC invocations=15 (full 0):
 garbage-first heap   total 143360K, used 111410K [0x0000000080000000, 0x0000000100000000)
  region size 1024K, 69 young (70656K), 5 survivors (5120K)
 Metaspace       used 63256K, capacity 64800K, committed 64972K, reserved 1105920K
  class space    used 8066K, capacity 8628K, committed 8704K, reserved 1048576K
}
Event: 10,528 GC heap after
{Heap after GC invocations=16 (full 0):
 garbage-first heap   total 143360K, used 50924K [0x0000000080000000, 0x0000000100000000)
  region size 1024K, 9 young (9216K), 9 survivors (9216K)
 Metaspace       used 63256K, capacity 64800K, committed 64972K, reserved 1105920K
  class space    used 8066K, capacity 8628K, committed 8704K, reserved 1048576K
}
Event: 11,568 GC heap before
{Heap before GC invocations=16 (full 0):
 garbage-first heap   total 143360K, used 113388K [0x0000000080000000, 0x0000000100000000)
  region size 1024K, 70 young (71680K), 9 survivors (9216K)
 Metaspace       used 70406K, capacity 72132K, committed 72268K, reserved 1112064K
  class space    used 9222K, capacity 9837K, committed 9856K, reserved 1048576K
}
Event: 11,576 GC heap after
{Heap after GC invocations=17 (full 0):
 garbage-first heap   total 192512K, used 54701K [0x0000000080000000, 0x0000000100000000)
  region size 1024K, 4 young (4096K), 4 survivors (4096K)
 Metaspace       used 70406K, capacity 72132K, committed 72268K, reserved 1112064K
  class space    used 9222K, capacity 9837K, committed 9856K, reserved 1048576K
}
Event: 12,832 GC heap before
{Heap before GC invocations=17 (full 0):
 garbage-first heap   total 192512K, used 133549K [0x0000000080000000, 0x0000000100000000)
  region size 1024K, 81 young (82944K), 4 survivors (4096K)
 Metaspace       used 77022K, capacity 78982K, committed 79180K, reserved 1118208K
  class space    used 10128K, capacity 10847K, committed 10880K, reserved 1048576K
}
Event: 12,862 GC heap after
{Heap after GC invocations=18 (full 0):
 garbage-first heap   total 192512K, used 59679K [0x0000000080000000, 0x0000000100000000)
  region size 1024K, 9 young (9216K), 9 survivors (9216K)
 Metaspace       used 77022K, capacity 78982K, committed 79180K, reserved 1118208K
  class space    used 10128K, capacity 10847K, committed 10880K, reserved 1048576K
}
Event: 14,120 GC heap before
{Heap before GC invocations=18 (full 0):
 garbage-first heap   total 192512K, used 137503K [0x0000000080000000, 0x0000000100000000)
  region size 1024K, 86 young (88064K), 9 survivors (9216K)
 Metaspace       used 78081K, capacity 80066K, committed 80332K, reserved 1118208K
  class space    used 10202K, capacity 10919K, committed 11008K, reserved 1048576K
}
Event: 14,134 GC heap after
{Heap after GC invocations=19 (full 0):
 garbage-first heap   total 192512K, used 65290K [0x0000000080000000, 0x0000000100000000)
  region size 1024K, 11 young (11264K), 11 survivors (11264K)
 Metaspace       used 78081K, capacity 80066K, committed 80332K, reserved 1118208K
  class space    used 10202K, capacity 10919K, committed 11008K, reserved 1048576K
}
Event: 177,673 GC heap before
{Heap before GC invocations=19 (full 0):
 garbage-first heap   total 192512K, used 142090K [0x0000000080000000, 0x0000000100000000)
  region size 1024K, 87 young (89088K), 11 survivors (11264K)
 Metaspace       used 79602K, capacity 81713K, committed 81996K, reserved 1120256K
  class space    used 10333K, capacity 11075K, committed 11136K, reserved 1048576K
}
Event: 177,771 GC heap after
{Heap after GC invocations=20 (full 0):
 garbage-first heap   total 192512K, used 69228K [0x0000000080000000, 0x0000000100000000)
  region size 1024K, 10 young (10240K), 10 survivors (10240K)
 Metaspace       used 79602K, capacity 81713K, committed 81996K, reserved 1120256K
  class space    used 10333K, capacity 11075K, committed 11136K, reserved 1048576K
}
Event: 180,228 GC heap before
{Heap before GC invocations=20 (full 0):
 garbage-first heap   total 192512K, used 148076K [0x0000000080000000, 0x0000000100000000)
  region size 1024K, 86 young (88064K), 10 survivors (10240K)
 Metaspace       used 87501K, capacity 89682K, committed 89932K, reserved 1126400K
  class space    used 11262K, capacity 12095K, committed 12160K, reserved 1048576K
}
Event: 180,276 GC heap after
{Heap after GC invocations=21 (full 0):
 garbage-first heap   total 192512K, used 80896K [0x0000000080000000, 0x0000000100000000)
  region size 1024K, 11 young (11264K), 11 survivors (11264K)
 Metaspace       used 87501K, capacity 89682K, committed 89932K, reserved 1126400K
  class space    used 11262K, capacity 12095K, committed 12160K, reserved 1048576K
}
Event: 183,499 GC heap before
{Heap before GC invocations=21 (full 0):
 garbage-first heap   total 192512K, used 147456K [0x0000000080000000, 0x0000000100000000)
  region size 1024K, 78 young (79872K), 11 survivors (11264K)
 Metaspace       used 98170K, capacity 100748K, committed 100812K, reserved 1136640K
  class space    used 12833K, capacity 13817K, committed 13824K, reserved 1048576K
}
Event: 183,524 GC heap after
{Heap after GC invocations=22 (full 0):
 garbage-first heap   total 192512K, used 80896K [0x0000000080000000, 0x0000000100000000)
  region size 1024K, 3 young (3072K), 3 survivors (3072K)
 Metaspace       used 98170K, capacity 100748K, committed 100812K, reserved 1136640K
  class space    used 12833K, capacity 13817K, committed 13824K, reserved 1048576K
}
Event: 185,720 GC heap before
{Heap before GC invocations=23 (full 0):
 garbage-first heap   total 192512K, used 151552K [0x0000000080000000, 0x0000000100000000)
  region size 1024K, 73 young (74752K), 3 survivors (3072K)
 Metaspace       used 103620K, capacity 106383K, committed 106656K, reserved 1140736K
  class space    used 13685K, capacity 14722K, committed 14804K, reserved 1048576K
}
Event: 185,730 GC heap after
{Heap after GC invocations=24 (full 0):
 garbage-first heap   total 192512K, used 83381K [0x0000000080000000, 0x0000000100000000)
  region size 1024K, 6 young (6144K), 6 survivors (6144K)
 Metaspace       used 103620K, capacity 106383K, committed 106656K, reserved 1140736K
  class space    used 13685K, capacity 14722K, committed 14804K, reserved 1048576K
}
Event: 316,070 GC heap before
{Heap before GC invocations=24 (full 0):
 garbage-first heap   total 192512K, used 160181K [0x0000000080000000, 0x0000000100000000)
  region size 1024K, 75 young (76800K), 6 survivors (6144K)
 Metaspace       used 105717K, capacity 108541K, committed 108704K, reserved 1142784K
  class space    used 13915K, capacity 14979K, committed 15060K, reserved 1048576K
}
Event: 316,120 GC heap after
{Heap after GC invocations=25 (full 0):
 garbage-first heap   total 192512K, used 84927K [0x0000000080000000, 0x0000000100000000)
  region size 1024K, 7 young (7168K), 7 survivors (7168K)
 Metaspace       used 105717K, capacity 108541K, committed 108704K, reserved 1142784K
  class space    used 13915K, capacity 14979K, committed 15060K, reserved 1048576K
}

