# JRE version: OpenJDK Runtime Environment (11.0.10) (build 11.0.10+0-b96-7249189)
# Java VM: OpenJDK 64-Bit Server VM (11.0.10+0-b96-7249189, mixed mode, tiered, compressed oops, g1 gc, linux-amd64)
Heap:
 garbage-first heap   total 231424K, used 131153K [0x0000000080000000, 0x0000000100000000)
  region size 1024K, 18 young (18432K), 11 survivors (11264K)
 Metaspace       used 116389K, capacity 119650K, committed 119884K, reserved 1153024K
  class space    used 14599K, capacity 15833K, committed 15948K, reserved 1048576K
GC Heap History (20 events):
Event: 3801,785 GC heap before
{Heap before GC invocations=32 (full 0):
 garbage-first heap   total 231424K, used 167799K [0x0000000080000000, 0x0000000100000000)
  region size 1024K, 68 young (69632K), 3 survivors (3072K)
 Metaspace       used 113815K, capacity 117091K, committed 117196K, reserved 1150976K
  class space    used 14478K, capacity 15735K, committed 15820K, reserved 1048576K
}
Event: 3801,842 GC heap after
{Heap after GC invocations=33 (full 0):
 garbage-first heap   total 231424K, used 112974K [0x0000000080000000, 0x0000000100000000)
  region size 1024K, 13 young (13312K), 13 survivors (13312K)
 Metaspace       used 113815K, capacity 117091K, committed 117196K, reserved 1150976K
  class space    used 14478K, capacity 15735K, committed 15820K, reserved 1048576K
}
Event: 3803,182 GC heap before
{Heap before GC invocations=34 (full 0):
 garbage-first heap   total 231424K, used 178510K [0x0000000080000000, 0x0000000100000000)
  region size 1024K, 75 young (76800K), 13 survivors (13312K)
 Metaspace       used 115025K, capacity 118080K, committed 119116K, reserved 1153024K
  class space    used 14485K, capacity 15627K, committed 15948K, reserved 1048576K
}
Event: 3803,208 GC heap after
{Heap after GC invocations=35 (full 0):
 garbage-first heap   total 231424K, used 118493K [0x0000000080000000, 0x0000000100000000)
  region size 1024K, 5 young (5120K), 5 survivors (5120K)
 Metaspace       used 115025K, capacity 118080K, committed 119116K, reserved 1153024K
  class space    used 14485K, capacity 15627K, committed 15948K, reserved 1048576K
}
Event: 3803,222 GC heap before
{Heap before GC invocations=35 (full 0):
 garbage-first heap   total 231424K, used 123613K [0x0000000080000000, 0x0000000100000000)
  region size 1024K, 11 young (11264K), 5 survivors (5120K)
 Metaspace       used 115040K, capacity 118080K, committed 119116K, reserved 1153024K
  class space    used 14485K, capacity 15627K, committed 15948K, reserved 1048576K
}
Event: 3803,240 GC heap after
{Heap after GC invocations=36 (full 0):
 garbage-first heap   total 231424K, used 108544K [0x0000000080000000, 0x0000000100000000)
  region size 1024K, 1 young (1024K), 1 survivors (1024K)
 Metaspace       used 115040K, capacity 118080K, committed 119116K, reserved 1153024K
  class space    used 14485K, capacity 15627K, committed 15948K, reserved 1048576K
}
Event: 3803,360 GC heap before
{Heap before GC invocations=36 (full 0):
 garbage-first heap   total 231424K, used 120832K [0x0000000080000000, 0x0000000100000000)
  region size 1024K, 14 young (14336K), 1 survivors (1024K)
 Metaspace       used 115091K, capacity 118081K, committed 119116K, reserved 1153024K
  class space    used 14485K, capacity 15627K, committed 15948K, reserved 1048576K
}
Event: 3803,371 GC heap after
{Heap after GC invocations=37 (full 0):
 garbage-first heap   total 231424K, used 108836K [0x0000000080000000, 0x0000000100000000)
  region size 1024K, 2 young (2048K), 2 survivors (2048K)
 Metaspace       used 115091K, capacity 118081K, committed 119116K, reserved 1153024K
  class space    used 14485K, capacity 15627K, committed 15948K, reserved 1048576K
}
Event: 3804,880 GC heap before
{Heap before GC invocations=38 (full 0):
 garbage-first heap   total 231424K, used 169252K [0x0000000080000000, 0x0000000100000000)
  region size 1024K, 70 young (71680K), 2 survivors (2048K)
 Metaspace       used 115249K, capacity 118209K, committed 119116K, reserved 1153024K
  class space    used 14484K, capacity 15625K, committed 15948K, reserved 1048576K
}
Event: 3804,894 GC heap after
{Heap after GC invocations=39 (full 0):
 garbage-first heap   total 231424K, used 104270K [0x0000000080000000, 0x0000000100000000)
  region size 1024K, 9 young (9216K), 9 survivors (9216K)
 Metaspace       used 115249K, capacity 118209K, committed 119116K, reserved 1153024K
  class space    used 14484K, capacity 15625K, committed 15948K, reserved 1048576K
}
Event: 3804,898 GC heap before
{Heap before GC invocations=39 (full 0):
 garbage-first heap   total 231424K, used 106318K [0x0000000080000000, 0x0000000100000000)
  region size 1024K, 11 young (11264K), 9 survivors (9216K)
 Metaspace       used 115249K, capacity 118209K, committed 119116K, reserved 1153024K
  class space    used 14484K, capacity 15625K, committed 15948K, reserved 1048576K
}
Event: 3804,915 GC heap after
{Heap after GC invocations=40 (full 0):
 garbage-first heap   total 231424K, used 91494K [0x0000000080000000, 0x0000000100000000)
  region size 1024K, 2 young (2048K), 2 survivors (2048K)
 Metaspace       used 115249K, capacity 118209K, committed 119116K, reserved 1153024K
  class space    used 14484K, capacity 15625K, committed 15948K, reserved 1048576K
}
Event: 3805,331 GC heap before
{Heap before GC invocations=40 (full 0):
 garbage-first heap   total 231424K, used 175462K [0x0000000080000000, 0x0000000100000000)
  region size 1024K, 80 young (81920K), 2 survivors (2048K)
 Metaspace       used 115385K, capacity 118435K, committed 119372K, reserved 1153024K
  class space    used 14485K, capacity 15627K, committed 15948K, reserved 1048576K
}
Event: 3805,335 GC heap after
{Heap after GC invocations=41 (full 0):
 garbage-first heap   total 231424K, used 90934K [0x0000000080000000, 0x0000000100000000)
  region size 1024K, 1 young (1024K), 1 survivors (1024K)
 Metaspace       used 115385K, capacity 118435K, committed 119372K, reserved 1153024K
  class space    used 14485K, capacity 15627K, committed 15948K, reserved 1048576K
}
Event: 3827,388 GC heap before
{Heap before GC invocations=41 (full 0):
 garbage-first heap   total 231424K, used 186166K [0x0000000080000000, 0x0000000100000000)
  region size 1024K, 84 young (86016K), 1 survivors (1024K)
 Metaspace       used 115663K, capacity 118712K, committed 119628K, reserved 1153024K
  class space    used 14486K, capacity 15628K, committed 15948K, reserved 1048576K
}
Event: 3827,396 GC heap after
{Heap after GC invocations=42 (full 0):
 garbage-first heap   total 231424K, used 98597K [0x0000000080000000, 0x0000000100000000)
  region size 1024K, 7 young (7168K), 7 survivors (7168K)
 Metaspace       used 115663K, capacity 118712K, committed 119628K, reserved 1153024K
  class space    used 14486K, capacity 15628K, committed 15948K, reserved 1048576K
}
Event: 4668,250 GC heap before
{Heap before GC invocations=42 (full 0):
 garbage-first heap   total 231424K, used 188709K [0x0000000080000000, 0x0000000100000000)
  region size 1024K, 86 young (88064K), 7 survivors (7168K)
 Metaspace       used 116227K, capacity 119496K, committed 119884K, reserved 1153024K
  class space    used 14569K, capacity 15782K, committed 15948K, reserved 1048576K
}
Event: 4668,273 GC heap after
{Heap after GC invocations=43 (full 0):
 garbage-first heap   total 231424K, used 103981K [0x0000000080000000, 0x0000000100000000)
  region size 1024K, 11 young (11264K), 11 survivors (11264K)
 Metaspace       used 116227K, capacity 119496K, committed 119884K, reserved 1153024K
  class space    used 14569K, capacity 15782K, committed 15948K, reserved 1048576K
}
Event: 4668,466 GC heap before
{Heap before GC invocations=43 (full 0):
 garbage-first heap   total 231424K, used 139821K [0x0000000080000000, 0x0000000100000000)
  region size 1024K, 39 young (39936K), 11 survivors (11264K)
 Metaspace       used 116255K, capacity 119496K, committed 119884K, reserved 1153024K
  class space    used 14569K, capacity 15782K, committed 15948K, reserved 1048576K
}
Event: 4668,527 GC heap after
{Heap after GC invocations=44 (full 0):
 garbage-first heap   total 231424K, used 118865K [0x0000000080000000, 0x0000000100000000)
  region size 1024K, 11 young (11264K), 11 survivors (11264K)
 Metaspace       used 116255K, capacity 119496K, committed 119884K, reserved 1153024K
  class space    used 14569K, capacity 15782K, committed 15948K, reserved 1048576K
}

