# JRE version: OpenJDK Runtime Environment (11.0.10) (build 11.0.10+0-b96-7249189)
# Java VM: OpenJDK 64-Bit Server VM (11.0.10+0-b96-7249189, mixed mode, tiered, compressed oops, g1 gc, linux-amd64)
Heap:
 garbage-first heap   total 169984K, used 97996K [0x0000000080000000, 0x0000000100000000)
  region size 1024K, 12 young (12288K), 3 survivors (3072K)
 Metaspace       used 106591K, capacity 109535K, committed 109772K, reserved 1144832K
  class space    used 13921K, capacity 15020K, committed 15104K, reserved 1048576K
GC Heap History (20 events):
Event: 59,492 GC heap before
{Heap before GC invocations=60 (full 0):
 garbage-first heap   total 137216K, used 105073K [0x0000000080000000, 0x0000000100000000)
  region size 1024K, 31 young (31744K), 3 survivors (3072K)
 Metaspace       used 101141K, capacity 103874K, committed 104140K, reserved 1138688K
  class space    used 13486K, capacity 14517K, committed 14592K, reserved 1048576K
}
Event: 59,511 GC heap after
{Heap after GC invocations=61 (full 0):
 garbage-first heap   total 137216K, used 77938K [0x0000000080000000, 0x0000000100000000)
  region size 1024K, 2 young (2048K), 2 survivors (2048K)
 Metaspace       used 101141K, capacity 103874K, committed 104140K, reserved 1138688K
  class space    used 13486K, capacity 14517K, committed 14592K, reserved 1048576K
}
Event: 60,590 GC heap before
{Heap before GC invocations=62 (full 0):
 garbage-first heap   total 137216K, used 107634K [0x0000000080000000, 0x0000000100000000)
  region size 1024K, 31 young (31744K), 2 survivors (2048K)
 Metaspace       used 102908K, capacity 105657K, committed 105804K, reserved 1140736K
  class space    used 13668K, capacity 14675K, committed 14720K, reserved 1048576K
}
Event: 60,606 GC heap after
{Heap after GC invocations=63 (full 0):
 garbage-first heap   total 137216K, used 80156K [0x0000000080000000, 0x0000000100000000)
  region size 1024K, 4 young (4096K), 4 survivors (4096K)
 Metaspace       used 102908K, capacity 105657K, committed 105804K, reserved 1140736K
  class space    used 13668K, capacity 14675K, committed 14720K, reserved 1048576K
}
Event: 61,261 GC heap before
{Heap before GC invocations=63 (full 0):
 garbage-first heap   total 137216K, used 87324K [0x0000000080000000, 0x0000000100000000)
  region size 1024K, 12 young (12288K), 4 survivors (4096K)
 Metaspace       used 103743K, capacity 106571K, committed 106700K, reserved 1140736K
  class space    used 13791K, capacity 14833K, committed 14848K, reserved 1048576K
}
Event: 61,270 GC heap after
{Heap after GC invocations=64 (full 0):
 garbage-first heap   total 169984K, used 80840K [0x0000000080000000, 0x0000000100000000)
  region size 1024K, 4 young (4096K), 4 survivors (4096K)
 Metaspace       used 103743K, capacity 106571K, committed 106700K, reserved 1140736K
  class space    used 13791K, capacity 14833K, committed 14848K, reserved 1048576K
}
Event: 565,637 GC heap before
{Heap before GC invocations=65 (full 0):
 garbage-first heap   total 169984K, used 123848K [0x0000000080000000, 0x0000000100000000)
  region size 1024K, 40 young (40960K), 4 survivors (4096K)
 Metaspace       used 104708K, capacity 107459K, committed 107596K, reserved 1142784K
  class space    used 13878K, capacity 14942K, committed 14976K, reserved 1048576K
}
Event: 565,702 GC heap after
{Heap after GC invocations=66 (full 0):
 garbage-first heap   total 169984K, used 82216K [0x0000000080000000, 0x0000000100000000)
  region size 1024K, 3 young (3072K), 3 survivors (3072K)
 Metaspace       used 104708K, capacity 107459K, committed 107596K, reserved 1142784K
  class space    used 13878K, capacity 14942K, committed 14976K, reserved 1048576K
}
Event: 566,572 GC heap before
{Heap before GC invocations=66 (full 0):
 garbage-first heap   total 169984K, used 105768K [0x0000000080000000, 0x0000000100000000)
  region size 1024K, 27 young (27648K), 3 survivors (3072K)
 Metaspace       used 105190K, capacity 108105K, committed 108364K, reserved 1142784K
  class space    used 13883K, capacity 14951K, committed 14976K, reserved 1048576K
}
Event: 566,585 GC heap after
{Heap after GC invocations=67 (full 0):
 garbage-first heap   total 169984K, used 85877K [0x0000000080000000, 0x0000000100000000)
  region size 1024K, 6 young (6144K), 6 survivors (6144K)
 Metaspace       used 105190K, capacity 108105K, committed 108364K, reserved 1142784K
  class space    used 13883K, capacity 14951K, committed 14976K, reserved 1048576K
}
Event: 570,637 GC heap before
{Heap before GC invocations=68 (full 0):
 garbage-first heap   total 169984K, used 125813K [0x0000000080000000, 0x0000000100000000)
  region size 1024K, 44 young (45056K), 6 survivors (6144K)
 Metaspace       used 105426K, capacity 108322K, committed 108364K, reserved 1142784K
  class space    used 13886K, capacity 14955K, committed 14976K, reserved 1048576K
}
Event: 570,658 GC heap after
{Heap after GC invocations=69 (full 0):
 garbage-first heap   total 169984K, used 88799K [0x0000000080000000, 0x0000000100000000)
  region size 1024K, 2 young (2048K), 2 survivors (2048K)
 Metaspace       used 105426K, capacity 108322K, committed 108364K, reserved 1142784K
  class space    used 13886K, capacity 14955K, committed 14976K, reserved 1048576K
}
Event: 570,973 GC heap before
{Heap before GC invocations=69 (full 0):
 garbage-first heap   total 169984K, used 108255K [0x0000000080000000, 0x0000000100000000)
  region size 1024K, 22 young (22528K), 2 survivors (2048K)
 Metaspace       used 105541K, capacity 108460K, committed 108620K, reserved 1142784K
  class space    used 13886K, capacity 14956K, committed 14976K, reserved 1048576K
}
Event: 570,980 GC heap after
{Heap after GC invocations=70 (full 0):
 garbage-first heap   total 169984K, used 88442K [0x0000000080000000, 0x0000000100000000)
  region size 1024K, 2 young (2048K), 2 survivors (2048K)
 Metaspace       used 105541K, capacity 108460K, committed 108620K, reserved 1142784K
  class space    used 13886K, capacity 14956K, committed 14976K, reserved 1048576K
}
Event: 1107,580 GC heap before
{Heap before GC invocations=71 (full 0):
 garbage-first heap   total 169984K, used 136570K [0x0000000080000000, 0x0000000100000000)
  region size 1024K, 43 young (44032K), 2 survivors (2048K)
 Metaspace       used 106137K, capacity 109083K, committed 109132K, reserved 1142784K
  class space    used 13895K, capacity 14972K, committed 14976K, reserved 1048576K
}
Event: 1107,606 GC heap after
{Heap after GC invocations=72 (full 0):
 garbage-first heap   total 169984K, used 91499K [0x0000000080000000, 0x0000000100000000)
  region size 1024K, 5 young (5120K), 5 survivors (5120K)
 Metaspace       used 106137K, capacity 109083K, committed 109132K, reserved 1142784K
  class space    used 13895K, capacity 14972K, committed 14976K, reserved 1048576K
}
Event: 1107,653 GC heap before
{Heap before GC invocations=72 (full 0):
 garbage-first heap   total 169984K, used 94571K [0x0000000080000000, 0x0000000100000000)
  region size 1024K, 8 young (8192K), 5 survivors (5120K)
 Metaspace       used 106142K, capacity 109084K, committed 109132K, reserved 1142784K
  class space    used 13895K, capacity 14972K, committed 14976K, reserved 1048576K
}
Event: 1107,684 GC heap after
{Heap after GC invocations=73 (full 0):
 garbage-first heap   total 169984K, used 87895K [0x0000000080000000, 0x0000000100000000)
  region size 1024K, 1 young (1024K), 1 survivors (1024K)
 Metaspace       used 106142K, capacity 109084K, committed 109132K, reserved 1142784K
  class space    used 13895K, capacity 14972K, committed 14976K, reserved 1048576K
}
Event: 1877,259 GC heap before
{Heap before GC invocations=73 (full 0):
 garbage-first heap   total 169984K, used 130903K [0x0000000080000000, 0x0000000100000000)
  region size 1024K, 44 young (45056K), 1 survivors (1024K)
 Metaspace       used 106498K, capacity 109502K, committed 109772K, reserved 1144832K
  class space    used 13919K, capacity 15016K, committed 15104K, reserved 1048576K
}
Event: 1877,309 GC heap after
{Heap after GC invocations=74 (full 0):
 garbage-first heap   total 169984K, used 89804K [0x0000000080000000, 0x0000000100000000)
  region size 1024K, 3 young (3072K), 3 survivors (3072K)
 Metaspace       used 106498K, capacity 109502K, committed 109772K, reserved 1144832K
  class space    used 13919K, capacity 15016K, committed 15104K, reserved 1048576K
}

