# JRE version: OpenJDK Runtime Environment (11.0.10) (build 11.0.10+0-b96-7249189)
# Java VM: OpenJDK 64-Bit Server VM (11.0.10+0-b96-7249189, mixed mode, tiered, compressed oops, g1 gc, linux-amd64)
Heap:
 garbage-first heap   total 319488K, used 138192K [0x0000000080000000, 0x0000000100000000)
  region size 1024K, 33 young (33792K), 19 survivors (19456K)
 Metaspace       used 127489K, capacity 131936K, committed 132256K, reserved 1165312K
  class space    used 15275K, capacity 16839K, committed 16972K, reserved 1048576K
GC Heap History (20 events):
Event: 5483,087 GC heap before
{Heap before GC invocations=247 (full 0):
 garbage-first heap   total 319488K, used 114988K [0x0000000080000000, 0x0000000100000000)
  region size 1024K, 20 young (20480K), 2 survivors (2048K)
 Metaspace       used 127017K, capacity 131444K, committed 132000K, reserved 1165312K
  class space    used 15255K, capacity 16808K, committed 16972K, reserved 1048576K
}
Event: 5483,098 GC heap after
{Heap after GC invocations=248 (full 0):
 garbage-first heap   total 319488K, used 96989K [0x0000000080000000, 0x0000000100000000)
  region size 1024K, 1 young (1024K), 1 survivors (1024K)
 Metaspace       used 127017K, capacity 131444K, committed 132000K, reserved 1165312K
  class space    used 15255K, capacity 16808K, committed 16972K, reserved 1048576K
}
Event: 5801,220 GC heap before
{Heap before GC invocations=249 (full 0):
 garbage-first heap   total 319488K, used 235229K [0x0000000080000000, 0x0000000100000000)
  region size 1024K, 128 young (131072K), 1 survivors (1024K)
 Metaspace       used 127218K, capacity 131692K, committed 132000K, reserved 1165312K
  class space    used 15271K, capacity 16837K, committed 16972K, reserved 1048576K
}
Event: 5801,233 GC heap after
{Heap after GC invocations=250 (full 0):
 garbage-first heap   total 319488K, used 103641K [0x0000000080000000, 0x0000000100000000)
  region size 1024K, 6 young (6144K), 6 survivors (6144K)
 Metaspace       used 127218K, capacity 131692K, committed 132000K, reserved 1165312K
  class space    used 15271K, capacity 16837K, committed 16972K, reserved 1048576K
}
Event: 5808,848 GC heap before
{Heap before GC invocations=250 (full 0):
 garbage-first heap   total 319488K, used 111833K [0x0000000080000000, 0x0000000100000000)
  region size 1024K, 15 young (15360K), 6 survivors (6144K)
 Metaspace       used 127220K, capacity 131692K, committed 132000K, reserved 1165312K
  class space    used 15271K, capacity 16837K, committed 16972K, reserved 1048576K
}
Event: 5808,854 GC heap after
{Heap after GC invocations=251 (full 0):
 garbage-first heap   total 319488K, used 90750K [0x0000000080000000, 0x0000000100000000)
  region size 1024K, 1 young (1024K), 1 survivors (1024K)
 Metaspace       used 127220K, capacity 131692K, committed 132000K, reserved 1165312K
  class space    used 15271K, capacity 16837K, committed 16972K, reserved 1048576K
}
Event: 5916,309 GC heap before
{Heap before GC invocations=251 (full 0):
 garbage-first heap   total 319488K, used 178814K [0x0000000080000000, 0x0000000100000000)
  region size 1024K, 89 young (91136K), 1 survivors (1024K)
 Metaspace       used 127262K, capacity 131699K, committed 132000K, reserved 1165312K
  class space    used 15273K, capacity 16837K, committed 16972K, reserved 1048576K
}
Event: 5916,321 GC heap after
{Heap after GC invocations=252 (full 0):
 garbage-first heap   total 319488K, used 95505K [0x0000000080000000, 0x0000000100000000)
  region size 1024K, 6 young (6144K), 6 survivors (6144K)
 Metaspace       used 127262K, capacity 131699K, committed 132000K, reserved 1165312K
  class space    used 15273K, capacity 16837K, committed 16972K, reserved 1048576K
}
Event: 5989,625 GC heap before
{Heap before GC invocations=253 (full 0):
 garbage-first heap   total 319488K, used 246033K [0x0000000080000000, 0x0000000100000000)
  region size 1024K, 143 young (146432K), 6 survivors (6144K)
 Metaspace       used 127358K, capacity 131774K, committed 132256K, reserved 1165312K
  class space    used 15274K, capacity 16839K, committed 16972K, reserved 1048576K
}
Event: 5989,636 GC heap after
{Heap after GC invocations=254 (full 0):
 garbage-first heap   total 319488K, used 100203K [0x0000000080000000, 0x0000000100000000)
  region size 1024K, 6 young (6144K), 6 survivors (6144K)
 Metaspace       used 127358K, capacity 131774K, committed 132256K, reserved 1165312K
  class space    used 15274K, capacity 16839K, committed 16972K, reserved 1048576K
}
Event: 5989,681 GC heap before
{Heap before GC invocations=254 (full 0):
 garbage-first heap   total 319488K, used 108395K [0x0000000080000000, 0x0000000100000000)
  region size 1024K, 15 young (15360K), 6 survivors (6144K)
 Metaspace       used 127366K, capacity 131839K, committed 132256K, reserved 1165312K
  class space    used 15274K, capacity 16839K, committed 16972K, reserved 1048576K
}
Event: 5989,688 GC heap after
{Heap after GC invocations=255 (full 0):
 garbage-first heap   total 319488K, used 86545K [0x0000000080000000, 0x0000000100000000)
  region size 1024K, 2 young (2048K), 2 survivors (2048K)
 Metaspace       used 127366K, capacity 131839K, committed 132256K, reserved 1165312K
  class space    used 15274K, capacity 16839K, committed 16972K, reserved 1048576K
}
Event: 5989,746 GC heap before
{Heap before GC invocations=255 (full 0):
 garbage-first heap   total 319488K, used 101905K [0x0000000080000000, 0x0000000100000000)
  region size 1024K, 19 young (19456K), 2 survivors (2048K)
 Metaspace       used 127433K, capacity 131868K, committed 132256K, reserved 1165312K
  class space    used 15274K, capacity 16839K, committed 16972K, reserved 1048576K
}
Event: 5989,750 GC heap after
{Heap after GC invocations=256 (full 0):
 garbage-first heap   total 319488K, used 86285K [0x0000000080000000, 0x0000000100000000)
  region size 1024K, 1 young (1024K), 1 survivors (1024K)
 Metaspace       used 127433K, capacity 131868K, committed 132256K, reserved 1165312K
  class space    used 15274K, capacity 16839K, committed 16972K, reserved 1048576K
}
Event: 7415,403 GC heap before
{Heap before GC invocations=257 (full 0):
 garbage-first heap   total 319488K, used 260365K [0x0000000080000000, 0x0000000100000000)
  region size 1024K, 156 young (159744K), 1 survivors (1024K)
 Metaspace       used 127487K, capacity 131936K, committed 132256K, reserved 1165312K
  class space    used 15275K, capacity 16839K, committed 16972K, reserved 1048576K
}
Event: 7415,419 GC heap after
{Heap after GC invocations=258 (full 0):
 garbage-first heap   total 319488K, used 91840K [0x0000000080000000, 0x0000000100000000)
  region size 1024K, 5 young (5120K), 5 survivors (5120K)
 Metaspace       used 127487K, capacity 131936K, committed 132256K, reserved 1165312K
  class space    used 15275K, capacity 16839K, committed 16972K, reserved 1048576K
}
Event: 7415,530 GC heap before
{Heap before GC invocations=258 (full 0):
 garbage-first heap   total 319488K, used 103104K [0x0000000080000000, 0x0000000100000000)
  region size 1024K, 15 young (15360K), 5 survivors (5120K)
 Metaspace       used 127487K, capacity 131936K, committed 132256K, reserved 1165312K
  class space    used 15275K, capacity 16839K, committed 16972K, reserved 1048576K
}
Event: 7415,538 GC heap after
{Heap after GC invocations=259 (full 0):
 garbage-first heap   total 319488K, used 93511K [0x0000000080000000, 0x0000000100000000)
  region size 1024K, 2 young (2048K), 2 survivors (2048K)
 Metaspace       used 127487K, capacity 131936K, committed 132256K, reserved 1165312K
  class space    used 15275K, capacity 16839K, committed 16972K, reserved 1048576K
}
Event: 7415,595 GC heap before
{Heap before GC invocations=259 (full 0):
 garbage-first heap   total 319488K, used 121159K [0x0000000080000000, 0x0000000100000000)
  region size 1024K, 30 young (30720K), 2 survivors (2048K)
 Metaspace       used 127487K, capacity 131936K, committed 132256K, reserved 1165312K
  class space    used 15275K, capacity 16839K, committed 16972K, reserved 1048576K
}
Event: 7415,617 GC heap after
{Heap after GC invocations=260 (full 0):
 garbage-first heap   total 319488K, used 110544K [0x0000000080000000, 0x0000000100000000)
  region size 1024K, 19 young (19456K), 19 survivors (19456K)
 Metaspace       used 127487K, capacity 131936K, committed 132256K, reserved 1165312K
  class space    used 15275K, capacity 16839K, committed 16972K, reserved 1048576K
}

