# JRE version: OpenJDK Runtime Environment (11.0.10) (build 11.0.10+0-b96-7249189)
# Java VM: OpenJDK 64-Bit Server VM (11.0.10+0-b96-7249189, mixed mode, tiered, compressed oops, g1 gc, linux-amd64)
Heap:
 garbage-first heap   total 212992K, used 140288K [0x0000000080000000, 0x0000000100000000)
  region size 1024K, 14 young (14336K), 7 survivors (7168K)
 Metaspace       used 114459K, capacity 117483K, committed 117912K, reserved 1150976K
  class space    used 14534K, capacity 15669K, committed 15820K, reserved 1048576K
GC Heap History (20 events):
Event: 1365,013 GC heap before
{Heap before GC invocations=23 (full 0):
 garbage-first heap   total 212992K, used 173730K [0x0000000080000000, 0x0000000100000000)
  region size 1024K, 89 young (91136K), 3 survivors (3072K)
 Metaspace       used 108805K, capacity 111721K, committed 112076K, reserved 1146880K
  class space    used 13910K, capacity 14990K, committed 15104K, reserved 1048576K
}
Event: 1365,027 GC heap after
{Heap after GC invocations=24 (full 0):
 garbage-first heap   total 212992K, used 95721K [0x0000000080000000, 0x0000000100000000)
  region size 1024K, 12 young (12288K), 12 survivors (12288K)
 Metaspace       used 108805K, capacity 111721K, committed 112076K, reserved 1146880K
  class space    used 13910K, capacity 14990K, committed 15104K, reserved 1048576K
}
Event: 1365,248 GC heap before
{Heap before GC invocations=24 (full 0):
 garbage-first heap   total 212992K, used 131561K [0x0000000080000000, 0x0000000100000000)
  region size 1024K, 48 young (49152K), 12 survivors (12288K)
 Metaspace       used 109918K, capacity 112894K, committed 113228K, reserved 1146880K
  class space    used 14017K, capacity 15112K, committed 15232K, reserved 1048576K
}
Event: 1365,264 GC heap after
{Heap after GC invocations=25 (full 0):
 garbage-first heap   total 212992K, used 97147K [0x0000000080000000, 0x0000000100000000)
  region size 1024K, 3 young (3072K), 3 survivors (3072K)
 Metaspace       used 109918K, capacity 112894K, committed 113228K, reserved 1146880K
  class space    used 14017K, capacity 15112K, committed 15232K, reserved 1048576K
}
Event: 1365,609 GC heap before
{Heap before GC invocations=26 (full 0):
 garbage-first heap   total 212992K, used 130939K [0x0000000080000000, 0x0000000100000000)
  region size 1024K, 37 young (37888K), 3 survivors (3072K)
 Metaspace       used 111341K, capacity 114306K, committed 114564K, reserved 1148928K
  class space    used 14286K, capacity 15393K, committed 15436K, reserved 1048576K
}
Event: 1365,626 GC heap after
{Heap after GC invocations=27 (full 0):
 garbage-first heap   total 212992K, used 101819K [0x0000000080000000, 0x0000000100000000)
  region size 1024K, 9 young (9216K), 9 survivors (9216K)
 Metaspace       used 111341K, capacity 114306K, committed 114564K, reserved 1148928K
  class space    used 14286K, capacity 15393K, committed 15436K, reserved 1048576K
}
Event: 1365,956 GC heap before
{Heap before GC invocations=28 (full 0):
 garbage-first heap   total 212992K, used 129467K [0x0000000080000000, 0x0000000100000000)
  region size 1024K, 34 young (34816K), 9 survivors (9216K)
 Metaspace       used 112671K, capacity 115646K, committed 115992K, reserved 1148928K
  class space    used 14419K, capacity 15501K, committed 15692K, reserved 1048576K
}
Event: 1365,964 GC heap after
{Heap after GC invocations=29 (full 0):
 garbage-first heap   total 212992K, used 95893K [0x0000000080000000, 0x0000000100000000)
  region size 1024K, 2 young (2048K), 2 survivors (2048K)
 Metaspace       used 112671K, capacity 115646K, committed 115992K, reserved 1148928K
  class space    used 14419K, capacity 15501K, committed 15692K, reserved 1048576K
}
Event: 1388,017 GC heap before
{Heap before GC invocations=30 (full 0):
 garbage-first heap   total 212992K, used 175765K [0x0000000080000000, 0x0000000100000000)
  region size 1024K, 70 young (71680K), 2 survivors (2048K)
 Metaspace       used 113479K, capacity 116555K, committed 116760K, reserved 1150976K
  class space    used 14490K, capacity 15633K, committed 15692K, reserved 1048576K
}
Event: 1388,033 GC heap after
{Heap after GC invocations=31 (full 0):
 garbage-first heap   total 212992K, used 106477K [0x0000000080000000, 0x0000000100000000)
  region size 1024K, 9 young (9216K), 9 survivors (9216K)
 Metaspace       used 113479K, capacity 116555K, committed 116760K, reserved 1150976K
  class space    used 14490K, capacity 15633K, committed 15692K, reserved 1048576K
}
Event: 1388,037 GC heap before
{Heap before GC invocations=31 (full 0):
 garbage-first heap   total 212992K, used 107501K [0x0000000080000000, 0x0000000100000000)
  region size 1024K, 10 young (10240K), 9 survivors (9216K)
 Metaspace       used 113480K, capacity 116555K, committed 116760K, reserved 1150976K
  class space    used 14490K, capacity 15633K, committed 15692K, reserved 1048576K
}
Event: 1388,050 GC heap after
{Heap after GC invocations=32 (full 0):
 garbage-first heap   total 212992K, used 103125K [0x0000000080000000, 0x0000000100000000)
  region size 1024K, 2 young (2048K), 2 survivors (2048K)
 Metaspace       used 113480K, capacity 116555K, committed 116760K, reserved 1150976K
  class space    used 14490K, capacity 15633K, committed 15692K, reserved 1048576K
}
Event: 1388,387 GC heap before
{Heap before GC invocations=32 (full 0):
 garbage-first heap   total 212992K, used 154325K [0x0000000080000000, 0x0000000100000000)
  region size 1024K, 54 young (55296K), 2 survivors (2048K)
 Metaspace       used 113880K, capacity 116858K, committed 117016K, reserved 1150976K
  class space    used 14494K, capacity 15640K, committed 15692K, reserved 1048576K
}
Event: 1388,401 GC heap after
{Heap after GC invocations=33 (full 0):
 garbage-first heap   total 212992K, used 104630K [0x0000000080000000, 0x0000000100000000)
  region size 1024K, 3 young (3072K), 3 survivors (3072K)
 Metaspace       used 113880K, capacity 116858K, committed 117016K, reserved 1150976K
  class space    used 14494K, capacity 15640K, committed 15692K, reserved 1048576K
}
Event: 2124,694 GC heap before
{Heap before GC invocations=34 (full 0):
 garbage-first heap   total 212992K, used 178358K [0x0000000080000000, 0x0000000100000000)
  region size 1024K, 65 young (66560K), 3 survivors (3072K)
 Metaspace       used 114113K, capacity 117113K, committed 117272K, reserved 1150976K
  class space    used 14492K, capacity 15633K, committed 15692K, reserved 1048576K
}
Event: 2124,756 GC heap after
{Heap after GC invocations=35 (full 0):
 garbage-first heap   total 212992K, used 119047K [0x0000000080000000, 0x0000000100000000)
  region size 1024K, 9 young (9216K), 9 survivors (9216K)
 Metaspace       used 114113K, capacity 117113K, committed 117272K, reserved 1150976K
  class space    used 14492K, capacity 15633K, committed 15692K, reserved 1048576K
}
Event: 2124,763 GC heap before
{Heap before GC invocations=35 (full 0):
 garbage-first heap   total 212992K, used 120071K [0x0000000080000000, 0x0000000100000000)
  region size 1024K, 10 young (10240K), 9 survivors (9216K)
 Metaspace       used 114113K, capacity 117113K, committed 117272K, reserved 1150976K
  class space    used 14492K, capacity 15633K, committed 15692K, reserved 1048576K
}
Event: 2124,805 GC heap after
{Heap after GC invocations=36 (full 0):
 garbage-first heap   total 212992K, used 110628K [0x0000000080000000, 0x0000000100000000)
  region size 1024K, 2 young (2048K), 2 survivors (2048K)
 Metaspace       used 114113K, capacity 117113K, committed 117272K, reserved 1150976K
  class space    used 14492K, capacity 15633K, committed 15692K, reserved 1048576K
}
Event: 2124,898 GC heap before
{Heap before GC invocations=36 (full 0):
 garbage-first heap   total 212992K, used 129060K [0x0000000080000000, 0x0000000100000000)
  region size 1024K, 22 young (22528K), 2 survivors (2048K)
 Metaspace       used 114137K, capacity 117177K, committed 117528K, reserved 1150976K
  class space    used 14492K, capacity 15633K, committed 15692K, reserved 1048576K
}
Event: 2124,911 GC heap after
{Heap after GC invocations=37 (full 0):
 garbage-first heap   total 212992K, used 118784K [0x0000000080000000, 0x0000000100000000)
  region size 1024K, 7 young (7168K), 7 survivors (7168K)
 Metaspace       used 114137K, capacity 117177K, committed 117528K, reserved 1150976K
  class space    used 14492K, capacity 15633K, committed 15692K, reserved 1048576K
}

