# JRE version: OpenJDK Runtime Environment (11.0.10) (build 11.0.10+0-b96-7249189)
# Java VM: OpenJDK 64-Bit Server VM (11.0.10+0-b96-7249189, mixed mode, tiered, compressed oops, g1 gc, linux-amd64)
Heap:
 garbage-first heap   total 229376K, used 130553K [0x0000000080000000, 0x0000000100000000)
  region size 1024K, 42 young (43008K), 2 survivors (2048K)
 Metaspace       used 114495K, capacity 117378K, committed 118436K, reserved 1153024K
  class space    used 14482K, capacity 15572K, committed 15872K, reserved 1048576K
GC Heap History (20 events):
Event: 1583,847 GC heap before
{Heap before GC invocations=31 (full 0):
 garbage-first heap   total 229376K, used 181387K [0x0000000080000000, 0x0000000100000000)
  region size 1024K, 81 young (82944K), 1 survivors (1024K)
 Metaspace       used 113206K, capacity 116399K, committed 116644K, reserved 1150976K
  class space    used 14570K, capacity 15765K, committed 15872K, reserved 1048576K
}
Event: 1583,851 GC heap after
{Heap after GC invocations=32 (full 0):
 garbage-first heap   total 229376K, used 100280K [0x0000000080000000, 0x0000000100000000)
  region size 1024K, 1 young (1024K), 1 survivors (1024K)
 Metaspace       used 113206K, capacity 116399K, committed 116644K, reserved 1150976K
  class space    used 14570K, capacity 15765K, committed 15872K, reserved 1048576K
}
Event: 5430,948 GC heap before
{Heap before GC invocations=32 (full 0):
 garbage-first heap   total 229376K, used 185272K [0x0000000080000000, 0x0000000100000000)
  region size 1024K, 84 young (86016K), 1 survivors (1024K)
 Metaspace       used 113263K, capacity 116463K, committed 116644K, reserved 1150976K
  class space    used 14570K, capacity 15765K, committed 15872K, reserved 1048576K
}
Event: 5430,950 GC heap after
{Heap after GC invocations=33 (full 0):
 garbage-first heap   total 229376K, used 100263K [0x0000000080000000, 0x0000000100000000)
  region size 1024K, 1 young (1024K), 1 survivors (1024K)
 Metaspace       used 113263K, capacity 116463K, committed 116644K, reserved 1150976K
  class space    used 14570K, capacity 15765K, committed 15872K, reserved 1048576K
}
Event: 8521,798 GC heap before
{Heap before GC invocations=33 (full 0):
 garbage-first heap   total 229376K, used 187303K [0x0000000080000000, 0x0000000100000000)
  region size 1024K, 86 young (88064K), 1 survivors (1024K)
 Metaspace       used 113440K, capacity 116678K, committed 116900K, reserved 1150976K
  class space    used 14580K, capacity 15783K, committed 15872K, reserved 1048576K
}
Event: 8521,820 GC heap after
{Heap after GC invocations=34 (full 0):
 garbage-first heap   total 229376K, used 101736K [0x0000000080000000, 0x0000000100000000)
  region size 1024K, 2 young (2048K), 2 survivors (2048K)
 Metaspace       used 113440K, capacity 116678K, committed 116900K, reserved 1150976K
  class space    used 14580K, capacity 15783K, committed 15872K, reserved 1048576K
}
Event: 8522,320 GC heap before
{Heap before GC invocations=34 (full 0):
 garbage-first heap   total 229376K, used 156008K [0x0000000080000000, 0x0000000100000000)
  region size 1024K, 55 young (56320K), 2 survivors (2048K)
 Metaspace       used 113746K, capacity 117008K, committed 117156K, reserved 1150976K
  class space    used 14586K, capacity 15794K, committed 15872K, reserved 1048576K
}
Event: 8522,410 GC heap after
{Heap after GC invocations=35 (full 0):
 garbage-first heap   total 229376K, used 123432K [0x0000000080000000, 0x0000000100000000)
  region size 1024K, 11 young (11264K), 11 survivors (11264K)
 Metaspace       used 113746K, capacity 117008K, committed 117156K, reserved 1150976K
  class space    used 14586K, capacity 15794K, committed 15872K, reserved 1048576K
}
Event: 8523,662 GC heap before
{Heap before GC invocations=36 (full 0):
 garbage-first heap   total 229376K, used 185896K [0x0000000080000000, 0x0000000100000000)
  region size 1024K, 64 young (65536K), 11 survivors (11264K)
 Metaspace       used 113139K, capacity 115928K, committed 117412K, reserved 1150976K
  class space    used 14384K, capacity 15444K, committed 15872K, reserved 1048576K
}
Event: 8523,694 GC heap after
{Heap after GC invocations=37 (full 0):
 garbage-first heap   total 229376K, used 126171K [0x0000000080000000, 0x0000000100000000)
  region size 1024K, 5 young (5120K), 5 survivors (5120K)
 Metaspace       used 113139K, capacity 115928K, committed 117412K, reserved 1150976K
  class space    used 14384K, capacity 15444K, committed 15872K, reserved 1048576K
}
Event: 8523,719 GC heap before
{Heap before GC invocations=37 (full 0):
 garbage-first heap   total 229376K, used 131291K [0x0000000080000000, 0x0000000100000000)
  region size 1024K, 11 young (11264K), 5 survivors (5120K)
 Metaspace       used 113144K, capacity 115928K, committed 117412K, reserved 1150976K
  class space    used 14384K, capacity 15444K, committed 15872K, reserved 1048576K
}
Event: 8523,741 GC heap after
{Heap after GC invocations=38 (full 0):
 garbage-first heap   total 229376K, used 109568K [0x0000000080000000, 0x0000000100000000)
  region size 1024K, 1 young (1024K), 1 survivors (1024K)
 Metaspace       used 113144K, capacity 115928K, committed 117412K, reserved 1150976K
  class space    used 14384K, capacity 15444K, committed 15872K, reserved 1048576K
}
Event: 8523,763 GC heap before
{Heap before GC invocations=38 (full 0):
 garbage-first heap   total 229376K, used 119808K [0x0000000080000000, 0x0000000100000000)
  region size 1024K, 11 young (11264K), 1 survivors (1024K)
 Metaspace       used 113166K, capacity 115928K, committed 117412K, reserved 1150976K
  class space    used 14384K, capacity 15444K, committed 15872K, reserved 1048576K
}
Event: 8523,782 GC heap after
{Heap after GC invocations=39 (full 0):
 garbage-first heap   total 229376K, used 104863K [0x0000000080000000, 0x0000000100000000)
  region size 1024K, 1 young (1024K), 1 survivors (1024K)
 Metaspace       used 113166K, capacity 115928K, committed 117412K, reserved 1150976K
  class space    used 14384K, capacity 15444K, committed 15872K, reserved 1048576K
}
Event: 8567,297 GC heap before
{Heap before GC invocations=39 (full 0):
 garbage-first heap   total 229376K, used 166303K [0x0000000080000000, 0x0000000100000000)
  region size 1024K, 63 young (64512K), 1 survivors (1024K)
 Metaspace       used 113882K, capacity 116820K, committed 117924K, reserved 1150976K
  class space    used 14438K, capacity 15528K, committed 15872K, reserved 1048576K
}
Event: 8567,317 GC heap after
{Heap after GC invocations=40 (full 0):
 garbage-first heap   total 229376K, used 111862K [0x0000000080000000, 0x0000000100000000)
  region size 1024K, 8 young (8192K), 8 survivors (8192K)
 Metaspace       used 113882K, capacity 116820K, committed 117924K, reserved 1150976K
  class space    used 14438K, capacity 15528K, committed 15872K, reserved 1048576K
}
Event: 8568,614 GC heap before
{Heap before GC invocations=41 (full 0):
 garbage-first heap   total 229376K, used 159990K [0x0000000080000000, 0x0000000100000000)
  region size 1024K, 68 young (69632K), 8 survivors (8192K)
 Metaspace       used 114251K, capacity 117152K, committed 118180K, reserved 1150976K
  class space    used 14447K, capacity 15539K, committed 15872K, reserved 1048576K
}
Event: 8568,626 GC heap after
{Heap after GC invocations=42 (full 0):
 garbage-first heap   total 229376K, used 97879K [0x0000000080000000, 0x0000000100000000)
  region size 1024K, 4 young (4096K), 4 survivors (4096K)
 Metaspace       used 114251K, capacity 117152K, committed 118180K, reserved 1150976K
  class space    used 14447K, capacity 15539K, committed 15872K, reserved 1048576K
}
Event: 8568,642 GC heap before
{Heap before GC invocations=42 (full 0):
 garbage-first heap   total 229376K, used 104023K [0x0000000080000000, 0x0000000100000000)
  region size 1024K, 11 young (11264K), 4 survivors (4096K)
 Metaspace       used 114265K, capacity 117152K, committed 118180K, reserved 1150976K
  class space    used 14447K, capacity 15539K, committed 15872K, reserved 1048576K
}
Event: 8568,658 GC heap after
{Heap after GC invocations=43 (full 0):
 garbage-first heap   total 229376K, used 90617K [0x0000000080000000, 0x0000000100000000)
  region size 1024K, 2 young (2048K), 2 survivors (2048K)
 Metaspace       used 114265K, capacity 117152K, committed 118180K, reserved 1150976K
  class space    used 14447K, capacity 15539K, committed 15872K, reserved 1048576K
}

