# JRE version: OpenJDK Runtime Environment (11.0.10) (build 11.0.10+0-b96-7249189)
# Java VM: OpenJDK 64-Bit Server VM (11.0.10+0-b96-7249189, mixed mode, tiered, compressed oops, g1 gc, linux-amd64)
Heap:
 garbage-first heap   total 242688K, used 181217K [0x0000000080000000, 0x0000000100000000)
  region size 1024K, 44 young (45056K), 6 survivors (6144K)
 Metaspace       used 141249K, capacity 145629K, committed 145792K, reserved 1175552K
  class space    used 17746K, capacity 19324K, committed 19328K, reserved 1048576K
GC Heap History (20 events):
Event: 1951,553 GC heap before
{Heap before GC invocations=74 (full 0):
 garbage-first heap   total 242688K, used 142770K [0x0000000080000000, 0x0000000100000000)
  region size 1024K, 31 young (31744K), 1 survivors (1024K)
 Metaspace       used 121975K, capacity 125658K, committed 125952K, reserved 1159168K
  class space    used 15417K, capacity 16787K, committed 16896K, reserved 1048576K
}
Event: 1951,559 GC heap after
{Heap after GC invocations=75 (full 0):
 garbage-first heap   total 242688K, used 114756K [0x0000000080000000, 0x0000000100000000)
  region size 1024K, 3 young (3072K), 3 survivors (3072K)
 Metaspace       used 121975K, capacity 125658K, committed 125952K, reserved 1159168K
  class space    used 15417K, capacity 16787K, committed 16896K, reserved 1048576K
}
Event: 1952,137 GC heap before
{Heap before GC invocations=76 (full 0):
 garbage-first heap   total 242688K, used 200772K [0x0000000080000000, 0x0000000100000000)
  region size 1024K, 85 young (87040K), 3 survivors (3072K)
 Metaspace       used 123292K, capacity 127174K, committed 127360K, reserved 1159168K
  class space    used 15543K, capacity 16960K, committed 17024K, reserved 1048576K
}
Event: 1952,149 GC heap after
{Heap after GC invocations=77 (full 0):
 garbage-first heap   total 242688K, used 121206K [0x0000000080000000, 0x0000000100000000)
  region size 1024K, 7 young (7168K), 7 survivors (7168K)
 Metaspace       used 123292K, capacity 127174K, committed 127360K, reserved 1159168K
  class space    used 15543K, capacity 16960K, committed 17024K, reserved 1048576K
}
Event: 1952,157 GC heap before
{Heap before GC invocations=77 (full 0):
 garbage-first heap   total 242688K, used 125302K [0x0000000080000000, 0x0000000100000000)
  region size 1024K, 11 young (11264K), 7 survivors (7168K)
 Metaspace       used 123292K, capacity 127174K, committed 127360K, reserved 1159168K
  class space    used 15543K, capacity 16960K, committed 17024K, reserved 1048576K
}
Event: 1952,180 GC heap after
{Heap after GC invocations=78 (full 0):
 garbage-first heap   total 242688K, used 106189K [0x0000000080000000, 0x0000000100000000)
  region size 1024K, 1 young (1024K), 1 survivors (1024K)
 Metaspace       used 123292K, capacity 127174K, committed 127360K, reserved 1159168K
  class space    used 15543K, capacity 16960K, committed 17024K, reserved 1048576K
}
Event: 1953,041 GC heap before
{Heap before GC invocations=78 (full 0):
 garbage-first heap   total 242688K, used 197325K [0x0000000080000000, 0x0000000100000000)
  region size 1024K, 90 young (92160K), 1 survivors (1024K)
 Metaspace       used 127327K, capacity 131617K, committed 131968K, reserved 1163264K
  class space    used 16131K, capacity 17709K, committed 17792K, reserved 1048576K
}
Event: 1953,058 GC heap after
{Heap after GC invocations=79 (full 0):
 garbage-first heap   total 242688K, used 111868K [0x0000000080000000, 0x0000000100000000)
  region size 1024K, 6 young (6144K), 6 survivors (6144K)
 Metaspace       used 127327K, capacity 131617K, committed 131968K, reserved 1163264K
  class space    used 16131K, capacity 17709K, committed 17792K, reserved 1048576K
}
Event: 1955,545 GC heap before
{Heap before GC invocations=80 (full 0):
 garbage-first heap   total 242688K, used 199932K [0x0000000080000000, 0x0000000100000000)
  region size 1024K, 91 young (93184K), 6 survivors (6144K)
 Metaspace       used 136442K, capacity 140696K, committed 141056K, reserved 1171456K
  class space    used 17137K, capacity 18678K, committed 18688K, reserved 1048576K
}
Event: 1955,555 GC heap after
{Heap after GC invocations=81 (full 0):
 garbage-first heap   total 242688K, used 117957K [0x0000000080000000, 0x0000000100000000)
  region size 1024K, 12 young (12288K), 12 survivors (12288K)
 Metaspace       used 136442K, capacity 140696K, committed 141056K, reserved 1171456K
  class space    used 17137K, capacity 18678K, committed 18688K, reserved 1048576K
}
Event: 1955,567 GC heap before
{Heap before GC invocations=81 (full 0):
 garbage-first heap   total 242688K, used 118981K [0x0000000080000000, 0x0000000100000000)
  region size 1024K, 13 young (13312K), 12 survivors (12288K)
 Metaspace       used 136457K, capacity 140760K, committed 141056K, reserved 1171456K
  class space    used 17139K, capacity 18678K, committed 18688K, reserved 1048576K
}
Event: 1955,581 GC heap after
{Heap after GC invocations=82 (full 0):
 garbage-first heap   total 242688K, used 118191K [0x0000000080000000, 0x0000000100000000)
  region size 1024K, 2 young (2048K), 2 survivors (2048K)
 Metaspace       used 136457K, capacity 140760K, committed 141056K, reserved 1171456K
  class space    used 17139K, capacity 18678K, committed 18688K, reserved 1048576K
}
Event: 1955,629 GC heap before
{Heap before GC invocations=82 (full 0):
 garbage-first heap   total 242688K, used 126383K [0x0000000080000000, 0x0000000100000000)
  region size 1024K, 12 young (12288K), 2 survivors (2048K)
 Metaspace       used 136584K, capacity 140934K, committed 141440K, reserved 1171456K
  class space    used 17161K, capacity 18715K, committed 18816K, reserved 1048576K
}
Event: 1955,635 GC heap after
{Heap after GC invocations=83 (full 0):
 garbage-first heap   total 242688K, used 117677K [0x0000000080000000, 0x0000000100000000)
  region size 1024K, 1 young (1024K), 1 survivors (1024K)
 Metaspace       used 136584K, capacity 140934K, committed 141440K, reserved 1171456K
  class space    used 17161K, capacity 18715K, committed 18816K, reserved 1048576K
}
Event: 1958,495 GC heap before
{Heap before GC invocations=84 (full 0):
 garbage-first heap   total 242688K, used 203693K [0x0000000080000000, 0x0000000100000000)
  region size 1024K, 84 young (86016K), 1 survivors (1024K)
 Metaspace       used 139395K, capacity 143865K, committed 144128K, reserved 1173504K
  class space    used 17517K, capacity 19134K, committed 19200K, reserved 1048576K
}
Event: 1958,509 GC heap after
{Heap after GC invocations=85 (full 0):
 garbage-first heap   total 242688K, used 122323K [0x0000000080000000, 0x0000000100000000)
  region size 1024K, 6 young (6144K), 6 survivors (6144K)
 Metaspace       used 139395K, capacity 143865K, committed 144128K, reserved 1173504K
  class space    used 17517K, capacity 19134K, committed 19200K, reserved 1048576K
}
Event: 1958,533 GC heap before
{Heap before GC invocations=85 (full 0):
 garbage-first heap   total 242688K, used 127443K [0x0000000080000000, 0x0000000100000000)
  region size 1024K, 11 young (11264K), 6 survivors (6144K)
 Metaspace       used 139470K, capacity 143877K, committed 144128K, reserved 1173504K
  class space    used 17529K, capacity 19138K, committed 19200K, reserved 1048576K
}
Event: 1958,544 GC heap after
{Heap after GC invocations=86 (full 0):
 garbage-first heap   total 242688K, used 122426K [0x0000000080000000, 0x0000000100000000)
  region size 1024K, 1 young (1024K), 1 survivors (1024K)
 Metaspace       used 139470K, capacity 143877K, committed 144128K, reserved 1173504K
  class space    used 17529K, capacity 19138K, committed 19200K, reserved 1048576K
}
Event: 2394,464 GC heap before
{Heap before GC invocations=86 (full 0):
 garbage-first heap   total 242688K, used 182842K [0x0000000080000000, 0x0000000100000000)
  region size 1024K, 61 young (62464K), 1 survivors (1024K)
 Metaspace       used 141203K, capacity 145565K, committed 145792K, reserved 1175552K
  class space    used 17746K, capacity 19324K, committed 19328K, reserved 1048576K
}
Event: 2394,488 GC heap after
{Heap after GC invocations=87 (full 0):
 garbage-first heap   total 242688K, used 126945K [0x0000000080000000, 0x0000000100000000)
  region size 1024K, 6 young (6144K), 6 survivors (6144K)
 Metaspace       used 141203K, capacity 145565K, committed 145792K, reserved 1175552K
  class space    used 17746K, capacity 19324K, committed 19328K, reserved 1048576K
}

